This file contains any messages produced by compilers while
running configure, to aid debugging if configure makes a mistake.

It was created by configure, which was
generated by GNU Autoconf 2.54.  Invocation command line was

  $ ./configure 

## --------- ##
## Platform. ##
## --------- ##

hostname = thanatos
uname -m = x86_64
uname -r = 3.2.0-35-generic
uname -s = Linux
uname -v = #55-Ubuntu SMP Wed Dec 5 17:42:16 UTC 2012

/usr/bin/uname -p = unknown
/bin/uname -X     = unknown

/bin/arch              = unknown
/usr/bin/arch -k       = unknown
/usr/convex/getsysinfo = unknown
hostinfo               = unknown
/bin/machine           = unknown
/usr/bin/oslevel       = unknown
/bin/universe          = unknown

PATH: /usr/local/sbin
PATH: /usr/local/bin
PATH: /usr/sbin
PATH: /usr/bin
PATH: /sbin
PATH: /bin


## ----------- ##
## Core tests. ##
## ----------- ##

configure:1252: checking for a BSD-compatible install
configure:1306: result: /usr/bin/install -c
configure:1317: checking whether build environment is sane
configure:1360: result: yes
configure:1393: checking for gawk
configure:1409: found /usr/bin/gawk
configure:1419: result: gawk
configure:1429: checking whether make sets ${MAKE}
configure:1449: result: yes
configure:1653: checking for g++
configure:1669: found /usr/bin/g++
configure:1679: result: g++
configure:1695: checking for C++ compiler version
configure:1698: g++ --version </dev/null >&5
g++ (Ubuntu/Linaro 4.6.3-1ubuntu5) 4.6.3
Copyright (C) 2011 Free Software Foundation, Inc.
This is free software; see the source for copying conditions.  There is NO
warranty; not even for MERCHANTABILITY or FITNESS FOR A PARTICULAR PURPOSE.

configure:1701: $? = 0
configure:1703: g++ -v </dev/null >&5
Using built-in specs.
COLLECT_GCC=g++
COLLECT_LTO_WRAPPER=/usr/lib/gcc/x86_64-linux-gnu/4.6/lto-wrapper
Target: x86_64-linux-gnu
Configured with: ../src/configure -v --with-pkgversion='Ubuntu/Linaro 4.6.3-1ubuntu5' --with-bugurl=file:///usr/share/doc/gcc-4.6/README.Bugs --enable-languages=c,c++,fortran,objc,obj-c++ --prefix=/usr --program-suffix=-4.6 --enable-shared --enable-linker-build-id --with-system-zlib --libexecdir=/usr/lib --without-included-gettext --enable-threads=posix --with-gxx-include-dir=/usr/include/c++/4.6 --libdir=/usr/lib --enable-nls --with-sysroot=/ --enable-clocale=gnu --enable-libstdcxx-debug --enable-libstdcxx-time=yes --enable-gnu-unique-object --enable-plugin --enable-objc-gc --disable-werror --with-arch-32=i686 --with-tune=generic --enable-checking=release --build=x86_64-linux-gnu --host=x86_64-linux-gnu --target=x86_64-linux-gnu
Thread model: posix
gcc version 4.6.3 (Ubuntu/Linaro 4.6.3-1ubuntu5) 
configure:1706: $? = 0
configure:1708: g++ -V </dev/null >&5
g++: error: unrecognized option '-V'
g++: fatal error: no input files
compilation terminated.
configure:1711: $? = 4
configure:1731: checking for C++ compiler default output
configure:1734: g++    conftest.cc  >&5
configure:1737: $? = 0
configure:1771: result: a.out
configure:1776: checking whether the C++ compiler works
configure:1782: ./a.out
configure:1785: $? = 0
configure:1800: result: yes
configure:1807: checking whether we are cross compiling
configure:1809: result: no
configure:1812: checking for suffix of executables
configure:1814: g++ -o conftest    conftest.cc  >&5
configure:1817: $? = 0
configure:1840: result: 
configure:1846: checking for suffix of object files
configure:1864: g++ -c   conftest.cc >&5
configure:1867: $? = 0
configure:1886: result: o
configure:1890: checking whether we are using the GNU C++ compiler
configure:1911: g++ -c   conftest.cc >&5
configure:1914: $? = 0
configure:1917: test -s conftest.o
configure:1920: $? = 0
configure:1932: result: yes
configure:1938: checking whether g++ accepts -g
configure:1956: g++ -c -g  conftest.cc >&5
configure:1959: $? = 0
configure:1962: test -s conftest.o
configure:1965: $? = 0
configure:1975: result: yes
configure:2015: g++ -c -g -O2  conftest.cc >&5
configure:2018: $? = 0
configure:2021: test -s conftest.o
configure:2024: $? = 0
configure:2046: g++ -c -g -O2  conftest.cc >&5
configure: In function 'int main()':
configure:2038:9: error: 'exit' was not declared in this scope
configure:2049: $? = 1
configure: failed program was:
#line 2033 "configure"
#include "confdefs.h"

int
main ()
{
exit (42);
  ;
  return 0;
}
configure:2015: g++ -c -g -O2  conftest.cc >&5
configure:2018: $? = 0
configure:2021: test -s conftest.o
configure:2024: $? = 0
configure:2046: g++ -c -g -O2  conftest.cc >&5
configure:2049: $? = 0
configure:2052: test -s conftest.o
configure:2055: $? = 0
configure:2096: checking for style of include used by make
configure:2124: result: GNU
configure:2152: checking dependency style of g++
configure:2214: result: gcc3
configure:2231: checking for a BSD-compatible install
configure:2285: result: /usr/bin/install -c
configure:2303: checking for pkg-config
configure:2321: found /usr/bin/pkg-config
configure:2334: result: /usr/bin/pkg-config
configure:2351: checking for xft
configure:2355: result: yes
configure:2359: checking XFT_CFLAGS
configure:2362: result: -I/usr/include/freetype2  
configure:2365: checking XFT_LIBS
configure:2368: result: -lXft  
configure:2449: checking for glib-2.0
configure:2453: result: yes
configure:2457: checking GLIB_CFLAGS
configure:2460: result: -I/usr/include/glib-2.0 -I/usr/lib/x86_64-linux-gnu/glib-2.0/include  
configure:2463: checking GLIB_LIBS
configure:2466: result: -lglib-2.0  
configure:2540: checking for gcc
configure:2556: found /usr/bin/gcc
configure:2566: result: gcc
configure:2808: checking for C compiler version
configure:2811: gcc --version </dev/null >&5
gcc (Ubuntu/Linaro 4.6.3-1ubuntu5) 4.6.3
Copyright (C) 2011 Free Software Foundation, Inc.
This is free software; see the source for copying conditions.  There is NO
warranty; not even for MERCHANTABILITY or FITNESS FOR A PARTICULAR PURPOSE.

configure:2814: $? = 0
configure:2816: gcc -v </dev/null >&5
Using built-in specs.
COLLECT_GCC=gcc
COLLECT_LTO_WRAPPER=/usr/lib/gcc/x86_64-linux-gnu/4.6/lto-wrapper
Target: x86_64-linux-gnu
Configured with: ../src/configure -v --with-pkgversion='Ubuntu/Linaro 4.6.3-1ubuntu5' --with-bugurl=file:///usr/share/doc/gcc-4.6/README.Bugs --enable-languages=c,c++,fortran,objc,obj-c++ --prefix=/usr --program-suffix=-4.6 --enable-shared --enable-linker-build-id --with-system-zlib --libexecdir=/usr/lib --without-included-gettext --enable-threads=posix --with-gxx-include-dir=/usr/include/c++/4.6 --libdir=/usr/lib --enable-nls --with-sysroot=/ --enable-clocale=gnu --enable-libstdcxx-debug --enable-libstdcxx-time=yes --enable-gnu-unique-object --enable-plugin --enable-objc-gc --disable-werror --with-arch-32=i686 --with-tune=generic --enable-checking=release --build=x86_64-linux-gnu --host=x86_64-linux-gnu --target=x86_64-linux-gnu
Thread model: posix
gcc version 4.6.3 (Ubuntu/Linaro 4.6.3-1ubuntu5) 
configure:2819: $? = 0
configure:2821: gcc -V </dev/null >&5
gcc: error: unrecognized option '-V'
gcc: fatal error: no input files
compilation terminated.
configure:2824: $? = 4
configure:2827: checking whether we are using the GNU C compiler
configure:2848: gcc -c   conftest.c >&5
configure:2851: $? = 0
configure:2854: test -s conftest.o
configure:2857: $? = 0
configure:2869: result: yes
configure:2875: checking whether gcc accepts -g
configure:2893: gcc -c -g  conftest.c >&5
configure:2896: $? = 0
configure:2899: test -s conftest.o
configure:2902: $? = 0
configure:2912: result: yes
configure:2929: checking for gcc option to accept ANSI C
configure:2986: gcc  -c -g -O2  conftest.c >&5
configure:2989: $? = 0
configure:2992: test -s conftest.o
configure:2995: $? = 0
configure:3012: result: none needed
configure:3030: gcc -c -g -O2  conftest.c >&5
conftest.c:2:3: error: unknown type name 'choke'
conftest.c:2:3: error: expected '=', ',', ';', 'asm' or '__attribute__' at end of input
configure:3033: $? = 1
configure: failed program was:
#ifndef __cplusplus
  choke me
#endif
configure:3133: checking dependency style of gcc
configure:3195: result: gcc3
configure:3206: checking how to run the C preprocessor
configure:3232: gcc -E  conftest.c
configure:3238: $? = 0
configure:3265: gcc -E  conftest.c
configure:3261:28: fatal error: ac_nonexistent.h: No such file or directory
compilation terminated.
configure:3271: $? = 1
configure: failed program was:
#line 3260 "configure"
#include "confdefs.h"
#include <ac_nonexistent.h>
configure:3308: result: gcc -E
configure:3323: gcc -E  conftest.c
configure:3329: $? = 0
configure:3356: gcc -E  conftest.c
configure:3352:28: fatal error: ac_nonexistent.h: No such file or directory
compilation terminated.
configure:3362: $? = 1
configure: failed program was:
#line 3351 "configure"
#include "confdefs.h"
#include <ac_nonexistent.h>
configure:3402: checking for egrep
configure:3412: result: grep -E
configure:3417: checking for ANSI C header files
configure:3431: gcc -E  conftest.c
configure:3437: $? = 0
configure:3524: gcc -o conftest -g -O2   conftest.c  >&5
configure: In function 'main':
configure:3515:7: warning: incompatible implicit declaration of built-in function 'exit' [enabled by default]
configure:3527: $? = 0
configure:3529: ./conftest
configure:3532: $? = 0
configure:3546: result: yes
configure:3556: checking for X
configure:3658: gcc -E  conftest.c
configure:3654:27: fatal error: X11/Intrinsic.h: No such file or directory
compilation terminated.
configure:3664: $? = 1
configure: failed program was:
#line 3653 "configure"
#include "confdefs.h"
#include <X11/Intrinsic.h>
configure:3709: gcc -o conftest -g -O2   conftest.c -lXt  >&5
configure:3697:27: fatal error: X11/Intrinsic.h: No such file or directory
compilation terminated.
configure:3712: $? = 1
configure: failed program was:
#line 3696 "configure"
#include "confdefs.h"
#include <X11/Intrinsic.h>
int
main ()
{
XtMalloc (0)
  ;
  return 0;
}
configure:3756: result: no
configure:4737: creating ./config.status

## ---------------------- ##
## Running config.status. ##
## ---------------------- ##

This file was extended by config.status, which was
generated by GNU Autoconf 2.54.  Invocation command line was

  CONFIG_FILES    = 
  CONFIG_HEADERS  = 
  CONFIG_LINKS    = 
  CONFIG_COMMANDS = 
  $ ./config.status 

on thanatos

config.status:639: creating Makefile
config.status:639: creating src/Makefile
config.status:743: creating config.h
config.status:938: executing depfiles commands

## ---------------- ##
## Cache variables. ##
## ---------------- ##

ac_cv_c_compiler_gnu=yes
ac_cv_cxx_compiler_gnu=yes
ac_cv_env_CC_set=
ac_cv_env_CC_value=
ac_cv_env_CFLAGS_set=
ac_cv_env_CFLAGS_value=
ac_cv_env_CPPFLAGS_set=
ac_cv_env_CPPFLAGS_value=
ac_cv_env_CPP_set=
ac_cv_env_CPP_value=
ac_cv_env_CXXFLAGS_set=
ac_cv_env_CXXFLAGS_value=
ac_cv_env_CXX_set=
ac_cv_env_CXX_value=
ac_cv_env_LDFLAGS_set=
ac_cv_env_LDFLAGS_value=
ac_cv_env_build_alias_set=
ac_cv_env_build_alias_value=
ac_cv_env_host_alias_set=
ac_cv_env_host_alias_value=
ac_cv_env_target_alias_set=
ac_cv_env_target_alias_value=
ac_cv_exeext=
ac_cv_have_x=have_x=no
ac_cv_header_stdc=yes
ac_cv_objext=o
ac_cv_path_PKG_CONFIG=/usr/bin/pkg-config
ac_cv_path_install='/usr/bin/install -c'
ac_cv_prog_AWK=gawk
ac_cv_prog_CPP='gcc -E'
ac_cv_prog_ac_ct_CC=gcc
ac_cv_prog_ac_ct_CXX=g++
ac_cv_prog_cc_g=yes
ac_cv_prog_cc_stdc=
ac_cv_prog_cxx_g=yes
ac_cv_prog_egrep='grep -E'
ac_cv_prog_make_make_set=yes
am_cv_CC_dependencies_compiler_type=gcc3
am_cv_CXX_dependencies_compiler_type=gcc3

## ----------------- ##
## Output variables. ##
## ----------------- ##

ACLOCAL='${SHELL} /pub/coding/repos/cyrannus/apps/koWm/mavosxwm-0.2.1/missing --run aclocal-1.6'
AMDEPBACKSLASH='\'
AMDEP_FALSE='#'
AMDEP_TRUE=''
AMTAR='${SHELL} /pub/coding/repos/cyrannus/apps/koWm/mavosxwm-0.2.1/missing --run tar'
AUTOCONF='${SHELL} /pub/coding/repos/cyrannus/apps/koWm/mavosxwm-0.2.1/missing --run autoconf'
AUTOHEADER='${SHELL} /pub/coding/repos/cyrannus/apps/koWm/mavosxwm-0.2.1/missing --run autoheader'
AUTOMAKE='${SHELL} /pub/coding/repos/cyrannus/apps/koWm/mavosxwm-0.2.1/missing --run automake-1.6'
AWK='gawk'
CC='gcc'
CCDEPMODE='depmode=gcc3'
CFLAGS='-g -O2'
CPP='gcc -E'
CPPFLAGS=''
CXX='g++'
CXXDEPMODE='depmode=gcc3'
CXXFLAGS='-g -O2'
DEFS='-DHAVE_CONFIG_H'
DEPDIR='.deps'
ECHO_C=''
ECHO_N='-n'
ECHO_T=''
EGREP='grep -E'
EXEEXT=''
GLIB_CFLAGS='-I/usr/include/glib-2.0 -I/usr/lib/x86_64-linux-gnu/glib-2.0/include  '
GLIB_LIBS='-lglib-2.0  '
INSTALL_DATA='${INSTALL} -m 644'
INSTALL_PROGRAM='${INSTALL}'
INSTALL_SCRIPT='${INSTALL}'
INSTALL_STRIP_PROGRAM='${SHELL} $(install_sh) -c -s'
LDFLAGS=''
LIBOBJS=''
LIBS=''
LTLIBOBJS=''
MAKEINFO='${SHELL} /pub/coding/repos/cyrannus/apps/koWm/mavosxwm-0.2.1/missing --run makeinfo'
OBJEXT='o'
PACKAGE='mavosxwm'
PACKAGE_BUGREPORT=''
PACKAGE_NAME=''
PACKAGE_STRING=''
PACKAGE_TARNAME=''
PACKAGE_VERSION=''
PATH_SEPARATOR=':'
PKG_CONFIG='/usr/bin/pkg-config'
SET_MAKE=''
SHELL='/bin/bash'
STRIP=''
VERSION='0.2.1'
XFT_CFLAGS='-I/usr/include/freetype2  '
XFT_LIBS='-lXft  '
X_CFLAGS=''
X_EXTRA_LIBS=''
X_LIBS=''
X_PRE_LIBS=''
ac_ct_CC='gcc'
ac_ct_CXX='g++'
ac_ct_STRIP=''
am__include='include'
am__quote=''
bindir='${exec_prefix}/bin'
build_alias=''
datadir='${prefix}/share'
exec_prefix='${prefix}'
host_alias=''
includedir='${prefix}/include'
infodir='${prefix}/info'
install_sh='/pub/coding/repos/cyrannus/apps/koWm/mavosxwm-0.2.1/install-sh'
libdir='${exec_prefix}/lib'
libexecdir='${exec_prefix}/libexec'
localstatedir='${prefix}/var'
mandir='${prefix}/man'
oldincludedir='/usr/include'
prefix='/usr/local'
program_transform_name='s,x,x,'
sbindir='${exec_prefix}/sbin'
sharedstatedir='${prefix}/com'
sysconfdir='${prefix}/etc'
target_alias=''

## ----------- ##
## confdefs.h. ##
## ----------- ##

#define PACKAGE "mavosxwm"
#define PACKAGE_BUGREPORT ""
#define PACKAGE_NAME ""
#define PACKAGE_STRING ""
#define PACKAGE_TARNAME ""
#define PACKAGE_VERSION ""
#define STDC_HEADERS 1
#define VERSION "0.2.1"
#define X_DISPLAY_MISSING 1
#endif
#ifdef __cplusplus
#include <stdlib.h>

configure: exit 0
